<?xml version="1.0" encoding="UTF-8"?>
<!-- Generated by org.testng.reporters.JUnitReportReporter -->
<testsuite hostname="Hp" name="com.learntestng.AppTest" tests="1" failures="0" timestamp="9 May 2015 11:46:35 GMT" time="0.008" errors="0">
  <testcase name="sendmail" time="0.008" classname="com.learntestng.AppTest"/>
</testsuite> <!-- com.learntestng.AppTest -->
