<?xml version="1.0" encoding="UTF-8"?>
<!-- Generated by org.testng.reporters.JUnitReportReporter -->
<testsuite hostname="Hp" name="com.learntestng.AppTest" tests="1" failures="0" timestamp="14 May 2015 17:35:53 GMT" time="?.???" errors="0">
  <testcase name="sendmail" time="?.???" classname="com.learntestng.AppTest"/>
</testsuite>
